// 重构日志: 10a454e8
// 重构日志: decd825b
// 重构日志: 156989ef
// 重构日志: 2f77e833
// 重构日志: e89d843a
// 重构日志: 71342374
// 重构日志: 16293f0f
// 重构日志: 9ff1d6af
// 重构日志: 8c68525a
// 同步 ID: c9d9acd4 @ Sat Jul  4 07:39:53 UTC 2026
// 同步 ID: ad06f784 @ Wed Jul  8 17:02:28 UTC 2026
// 同步 ID: d5d2fbcb @ Sun Jul 12 23:01:12 UTC 2026
// 重构日志: 7d8683d4
// 同步 ID: c4632742 @ Wed Jul 15 07:34:46 UTC 2026
// 重构日志: 151e3630
// 同步 ID: 5f27fb0a @ Thu Jul 16 00:27:31 UTC 2026
// 重构日志: c8226113
// 重构日志: 196bfd84
// 同步 ID: d371f177 @ Sat Jul 18 10:58:27 UTC 2026
// 重构日志: a395121b
// 重构日志: 3fe93c1b
// 同步 ID: 15a08f91 @ Sat Jul 18 16:41:33 UTC 2026
// 重构日志: 3285fb53
// 同步 ID: d156fe17 @ Sat Jul 18 18:29:52 UTC 2026
// 重构日志: e878fc20
// 同步 ID: 934eca3a @ Sun Jul 19 11:08:47 UTC 2026
// 重构日志: e8028350
// 同步 ID: e763ca25 @ Sun Jul 19 16:23:09 UTC 2026
// 同步 ID: 7d47b22a @ Sun Jul 19 17:17:45 UTC 2026
// 同步 ID: 8c838f04 @ Sun Jul 19 19:44:05 UTC 2026
// 重构日志: b5bd4166
// 重构日志: 716a5cc0
// 重构日志: d6325417
// 重构日志: ef267373
// 重构日志: 65c06ed6
// 重构日志: 47d0d829
